INFO: Loaded existing interconnect file 'C:\Users\garci\OneDrive\Desktop\echolight_5_2 2\echolight_5_2\echolight_1\allegro\interconn.iml'
INFO: Loaded existing interconnect file 'C:\Cadence\OrCADX_25.1\share\pcb\signal\cds_interconn.iml'
INFO: Finished loading SigNoise interconnect libraries
INFO: Field Solver bem2d for STL_0S_1R_41
INFO: Executing command: bem2d 0 "C:/Users/garci/AppData/Local/Temp/#Taaaabj34084.in" 0.00127
INFO: Field Solver bem2d for STL_0S_1R_42
INFO: Executing command: bem2d 0 "C:/Users/garci/AppData/Local/Temp/#Taaaabk34084.in" 0.00127
INFO: Field Solver bem2d for STL_0S_1R_43
INFO: Executing command: bem2d 0 "C:/Users/garci/AppData/Local/Temp/#Taaaabl34084.in" 0.00127
INFO: Field Solver bem2d for STL_0S_1R_44
INFO: Executing command: bem2d 0 "C:/Users/garci/AppData/Local/Temp/#Taaaabm34084.in" 0.00127
INFO: Field Solver bem2d for STL_0S_1R_45
INFO: Executing command: bem2d 0 "C:/Users/garci/AppData/Local/Temp/#Taaaabn34084.in" 0.00127
INFO: Field Solver bem2d for STL_0S_1R_46
INFO: Executing command: bem2d 0 "C:/Users/garci/AppData/Local/Temp/#Taaaabo34084.in" 0.00127
INFO: Field Solver bem2d for STL_0S_1R_47
INFO: Executing command: bem2d 0 "C:/Users/garci/AppData/Local/Temp/#Taaaabp34084.in" 0.00127
INFO: Field Solver bem2d for STL_0S_1R_48
INFO: Executing command: bem2d 0 "C:/Users/garci/AppData/Local/Temp/#Taaaabq34084.in" 0.00127
INFO: Field Solver bem2d for STL_0S_1R_49
INFO: Executing command: bem2d 0 "C:/Users/garci/AppData/Local/Temp/#Taaaabr34084.in" 0.00127
INFO: Field Solver bem2d for STL_0S_1R_50
INFO: Executing command: bem2d 0 "C:/Users/garci/AppData/Local/Temp/#Taaaabs34084.in" 0.00127
INFO: Field Solver bem2d for STL_0S_1R_51
INFO: Executing command: bem2d 0 "C:/Users/garci/AppData/Local/Temp/#Taaaabt34084.in" 0.00127
INFO: Field Solver bem2d for STL_0S_1R_52
INFO: Executing command: bem2d 0 "C:/Users/garci/AppData/Local/Temp/#Taaaabu34084.in" 0.00127
INFO: Field Solver bem2d for STL_0S_1R_53
INFO: Executing command: bem2d 0 "C:/Users/garci/AppData/Local/Temp/#Taaaabv34084.in" 0.00127
INFO: Field Solver bem2d for STL_0S_1R_54
INFO: Executing command: bem2d 0 "C:/Users/garci/AppData/Local/Temp/#Taaaabw34084.in" 0.00127
INFO: Field Solver bem2d for STL_0S_1R_55
INFO: Executing command: bem2d 0 "C:/Users/garci/AppData/Local/Temp/#Taaaabx34084.in" 0.00127
INFO: Field Solver bem2d for STL_0S_1R_56
INFO: Executing command: bem2d 0 "C:/Users/garci/AppData/Local/Temp/#Taaaaby34084.in" 0.00127
INFO: Field Solver bem2d for STL_0S_1R_57
INFO: Executing command: bem2d 0 "C:/Users/garci/AppData/Local/Temp/#Taaaabz34084.in" 0.00127
INFO: Field Solver bem2d for STL_0S_1R_58
INFO: Executing command: bem2d 0 "C:/Users/garci/AppData/Local/Temp/#Taaaaca34084.in" 0.00127
INFO: Field Solver bem2d for STL_0S_1R_59
INFO: Executing command: bem2d 0 "C:/Users/garci/AppData/Local/Temp/#Taaaacb34084.in" 0.00127
INFO: Field Solver bem2d for STL_0S_1R_60
INFO: Executing command: bem2d 0 "C:/Users/garci/AppData/Local/Temp/#Taaaacc34084.in" 0.00127
INFO: Field Solver bem2d for STL_0S_1R_61
INFO: Executing command: bem2d 0 "C:/Users/garci/AppData/Local/Temp/#Taaaacd34084.in" 0.00127
INFO: Field Solver bem2d for STL_0S_1R_62
INFO: Executing command: bem2d 0 "C:/Users/garci/AppData/Local/Temp/#Taaaace34084.in" 0.00127
INFO: Field Solver bem2d for STL_0S_1R_63
INFO: Executing command: bem2d 0 "C:/Users/garci/AppData/Local/Temp/#Taaaacf34084.in" 0.00127
INFO: Field Solver bem2d for STL_0S_1R_64
INFO: Executing command: bem2d 0 "C:/Users/garci/AppData/Local/Temp/#Taaaacg34084.in" 0.00127
INFO: Field Solver bem2d for STL_0S_1R_65
INFO: Executing command: bem2d 0 "C:/Users/garci/AppData/Local/Temp/#Taaaach34084.in" 0.00127
INFO: Field Solver bem2d for STL_0S_1R_66
INFO: Executing command: bem2d 0 "C:/Users/garci/AppData/Local/Temp/#Taaaaci34084.in" 0.00127
INFO: Field Solver bem2d for STL_0S_1R_67
INFO: Executing command: bem2d 0 "C:/Users/garci/AppData/Local/Temp/#Taaaacj34084.in" 0.00127
INFO: Field Solver bem2d for STL_0S_1R_68
INFO: Executing command: bem2d 0 "C:/Users/garci/AppData/Local/Temp/#Taaaack34084.in" 0.00127
INFO: Field Solver bem2d for STL_0S_1R_69
INFO: Executing command: bem2d 0 "C:/Users/garci/AppData/Local/Temp/#Taaaacl34084.in" 0.00127
INFO: Field Solver bem2d for STL_0S_1R_70
INFO: Executing command: bem2d 0 "C:/Users/garci/AppData/Local/Temp/#Taaaacm34084.in" 0.00127
INFO: Field Solver bem2d for STL_0S_1R_71
INFO: Executing command: bem2d 0 "C:/Users/garci/AppData/Local/Temp/#Taaaacn34084.in" 0.00127
INFO: Field Solver bem2d for STL_0S_1R_72
INFO: Executing command: bem2d 0 "C:/Users/garci/AppData/Local/Temp/#Taaaaco34084.in" 0.00127
INFO: Field Solver bem2d for STL_0S_1R_73
INFO: Executing command: bem2d 0 "C:/Users/garci/AppData/Local/Temp/#Taaaacp34084.in" 0.00127
INFO: Field Solver bem2d for STL_0S_1R_74
INFO: Executing command: bem2d 0 "C:/Users/garci/AppData/Local/Temp/#Taaaacq34084.in" 0.00127
INFO: Field Solver bem2d for STL_0S_1R_75
INFO: Executing command: bem2d 0 "C:/Users/garci/AppData/Local/Temp/#Taaaacr34084.in" 0.00127
INFO: Field Solver bem2d for STL_0S_1R_76
INFO: Executing command: bem2d 0 "C:/Users/garci/AppData/Local/Temp/#Taaaacs34084.in" 0.00127
INFO: Field Solver bem2d for STL_0S_1R_77
INFO: Executing command: bem2d 0 "C:/Users/garci/AppData/Local/Temp/#Taaaact34084.in" 0.00127
