(---------------------------------------------------------------------)
(                                                                     )
(    IPC-D-356                                                        )
(                                                                     )
(    Software Version : 25.1P001                                      )
(    Date/Time        : Sun Jan 18 15:03:05 2026                      )
(                                                                     )
(---------------------------------------------------------------------)


Warning: String S_R109T129D2M109_129P109_12 exceeds record length on line 65 at column 4
Warning: String S_R110T190M110_190P110_190 exceeds record length on line 66 at column 4
Warning: String S_R287T124M287_124P287_124 exceeds record length on line 85 at column 4
Warning: String S_R400T200M400_200P400_200 exceeds record length on line 89 at column 4
Warning: String S_R59T60D5M59_60P59_60 exceeds record length on line 93 at column 4
Warning: Found a mechanical pin at location (271.5256 245.5822) with no drill - skipping.
Warning: Found a mechanical pin at location (265.3256 245.5822) with no drill - skipping.
Warning: Found a mechanical pin at location (272.2256 248.1322) with no drill - skipping.
Warning: Found a mechanical pin at location (264.6256 248.1322) with no drill - skipping.
Warning: Found a mechanical pin at location (269.6256 248.1322) with no drill - skipping.
Warning: Found a mechanical pin at location (267.2256 248.1322) with no drill - skipping.


------------------------------------------
SUMMARY:
  Errors:       0
  Warnings:    11
